<?xml version="1.0" encoding="UTF-8"?>
<!-- Generated by org.testng.reporters.JUnitReportReporter -->
<testsuite hostname="DESKTOP-G82DJC0" failures="0" tests="6" name="com.test.practic" time="62.404" errors="0" timestamp="2022-09-12T01:42:43 IST" skipped="0">
  <testcase classname="com.test.practic" name="verify_with_no_solution" time="12.805"/>
  <system-out/>
  <testcase classname="com.test.practic" name="verify_with_mobile" time="10.890"/>
  <system-out/>
  <testcase classname="com.test.practic" name="verify_with_mail" time="8.868"/>
  <system-out/>
  <testcase classname="com.test.practic" name="verify_with_fullname" time="11.141"/>
  <system-out/>
  <testcase classname="com.test.practic" name="verify_with_company" time="8.182"/>
  <system-out/>
  <testcase classname="com.test.practic" name="verify_with_solution" time="10.518"/>
  <system-out/>
</testsuite> <!-- com.test.practic -->
