<?xml version="1.0" encoding="UTF-8"?>
<!-- Generated by org.testng.reporters.JUnitReportReporter -->
<testsuite hostname="DESKTOP-G82DJC0" failures="0" tests="6" name="listeners.practic" time="63.425" errors="0" timestamp="2022-09-12T03:15:46 IST" skipped="0">
  <testcase classname="listeners.practic" name="verify_with_no_solution" time="13.644"/>
  <system-out/>
  <testcase classname="listeners.practic" name="verify_with_mobile" time="11.018"/>
  <system-out/>
  <testcase classname="listeners.practic" name="verify_with_mail" time="8.179"/>
  <system-out/>
  <testcase classname="listeners.practic" name="verify_with_fullname" time="10.840"/>
  <system-out/>
  <testcase classname="listeners.practic" name="verify_with_company" time="9.958"/>
  <system-out/>
  <testcase classname="listeners.practic" name="verify_with_solution" time="9.786"/>
  <system-out/>
</testsuite> <!-- listeners.practic -->
