<?xml version="1.0" encoding="UTF-8"?>
<!-- Generated by org.testng.reporters.JUnitReportReporter -->
<testsuite hostname="DESKTOP-G82DJC0" failures="0" tests="1" name="com.test.Replicon" time="14.524" errors="0" timestamp="2022-09-11T03:28:12 IST" skipped="0">
  <testcase classname="com.test.Replicon" name="verify" time="14.524"/>
  <system-out/>
</testsuite> <!-- com.test.Replicon -->
